<?xml version="1.0" encoding="UTF-8"?>
<!-- Generated by org.testng.reporters.JUnitXMLReporter -->
<testsuite ignored="6" hostname="priya-0711k" failures="0" tests="4" name="Test" time="60.178" errors="0" timestamp="2023-03-28T19:39:54 IST">
  <testcase classname="testcases.VerifyHeaderr" name="Header" time="10.604"/>
  <testcase classname="testcases.VerifyMenubar" name="Menubar" time="6.364"/>
  <testcase classname="testcases.Verify_Cart" name="cart" time="4.656"/>
  <testcase classname="testcases.VerifyFooter" name="footer" time="6.79"/>
  <testcase classname="Resource.Baseclass" name="@BeforeSuite beforeSuite" time="0.0">
    <ignored/>
  </testcase> <!-- @BeforeSuite beforeSuite -->
  <testcase classname="Resource.Baseclass" name="@BeforeSuite beforeSuite" time="0.0">
    <ignored/>
  </testcase> <!-- @BeforeSuite beforeSuite -->
  <testcase classname="Resource.Baseclass" name="@BeforeSuite beforeSuite" time="0.0">
    <ignored/>
  </testcase> <!-- @BeforeSuite beforeSuite -->
  <testcase classname="Resource.Baseclass" name="@AfterSuite afterSuite" time="0.0">
    <ignored/>
  </testcase> <!-- @AfterSuite afterSuite -->
  <testcase classname="Resource.Baseclass" name="@AfterSuite afterSuite" time="0.0">
    <ignored/>
  </testcase> <!-- @AfterSuite afterSuite -->
  <testcase classname="Resource.Baseclass" name="@AfterSuite afterSuite" time="0.0">
    <ignored/>
  </testcase> <!-- @AfterSuite afterSuite -->
</testsuite> <!-- Test -->
