<?xml version="1.0" encoding="UTF-8"?>
<testng-results ignored="6" total="10" passed="4" failed="0" skipped="0">
  <reporter-output>
  </reporter-output>
  <suite started-at="2023-03-28T19:38:53 IST" name="Suite" finished-at="2023-03-28T19:39:54 IST" duration-ms="60178">
    <groups>
    </groups>
    <test started-at="2023-03-28T19:38:53 IST" name="Test" finished-at="2023-03-28T19:39:54 IST" duration-ms="60178">
      <class name="testcases.VerifyFooter">
        <test-method is-config="true" signature="openUrl()[pri:0, instance:testcases.VerifyFooter@515aebb0]" started-at="2023-03-28T19:39:40 IST" name="openUrl" finished-at="2023-03-28T19:39:46 IST" duration-ms="6202" status="PASS">
          <reporter-output>
          </reporter-output>
        </test-method> <!-- openUrl -->
        <test-method signature="footer()[pri:0, instance:testcases.VerifyFooter@515aebb0]" started-at="2023-03-28T19:39:46 IST" name="footer" finished-at="2023-03-28T19:39:53 IST" duration-ms="6790" status="PASS">
          <reporter-output>
          </reporter-output>
        </test-method> <!-- footer -->
        <test-method is-config="true" signature="close()[pri:0, instance:testcases.VerifyFooter@515aebb0]" started-at="2023-03-28T19:39:53 IST" name="close" finished-at="2023-03-28T19:39:54 IST" duration-ms="320" status="PASS">
          <reporter-output>
          </reporter-output>
        </test-method> <!-- close -->
      </class> <!-- testcases.VerifyFooter -->
      <class name="testcases.VerifyHeaderr">
        <test-method is-config="true" signature="beforeSuite()[pri:0, instance:testcases.VerifyHeaderr@1aa7ecca]" started-at="2023-03-28T19:38:53 IST" name="beforeSuite" finished-at="2023-03-28T19:38:53 IST" duration-ms="283" status="PASS">
          <reporter-output>
          </reporter-output>
        </test-method> <!-- beforeSuite -->
        <test-method is-config="true" signature="openUrl()[pri:0, instance:testcases.VerifyHeaderr@1aa7ecca]" started-at="2023-03-28T19:38:53 IST" name="openUrl" finished-at="2023-03-28T19:39:06 IST" duration-ms="12567" status="PASS">
          <reporter-output>
          </reporter-output>
        </test-method> <!-- openUrl -->
        <test-method signature="Header()[pri:0, instance:testcases.VerifyHeaderr@1aa7ecca]" started-at="2023-03-28T19:39:06 IST" name="Header" finished-at="2023-03-28T19:39:17 IST" duration-ms="10604" status="PASS">
          <reporter-output>
          </reporter-output>
        </test-method> <!-- Header -->
        <test-method is-config="true" signature="close()[pri:0, instance:testcases.VerifyHeaderr@1aa7ecca]" started-at="2023-03-28T19:39:17 IST" name="close" finished-at="2023-03-28T19:39:17 IST" duration-ms="270" status="PASS">
          <reporter-output>
          </reporter-output>
        </test-method> <!-- close -->
        <test-method is-config="true" signature="afterSuite()[pri:0, instance:testcases.VerifyHeaderr@1aa7ecca]" started-at="2023-03-28T19:39:54 IST" name="afterSuite" finished-at="2023-03-28T19:39:54 IST" duration-ms="778" status="PASS">
          <reporter-output>
          </reporter-output>
        </test-method> <!-- afterSuite -->
      </class> <!-- testcases.VerifyHeaderr -->
      <class name="testcases.VerifyMenubar">
        <test-method is-config="true" signature="openUrl()[pri:0, instance:testcases.VerifyMenubar@52bf72b5]" started-at="2023-03-28T19:39:17 IST" name="openUrl" finished-at="2023-03-28T19:39:23 IST" duration-ms="6411" status="PASS">
          <reporter-output>
          </reporter-output>
        </test-method> <!-- openUrl -->
        <test-method signature="Menubar()[pri:0, instance:testcases.VerifyMenubar@52bf72b5]" started-at="2023-03-28T19:39:23 IST" name="Menubar" finished-at="2023-03-28T19:39:30 IST" duration-ms="6364" status="PASS">
          <reporter-output>
          </reporter-output>
        </test-method> <!-- Menubar -->
        <test-method is-config="true" signature="close()[pri:0, instance:testcases.VerifyMenubar@52bf72b5]" started-at="2023-03-28T19:39:30 IST" name="close" finished-at="2023-03-28T19:39:30 IST" duration-ms="132" status="PASS">
          <reporter-output>
          </reporter-output>
        </test-method> <!-- close -->
      </class> <!-- testcases.VerifyMenubar -->
      <class name="testcases.Verify_Cart">
        <test-method is-config="true" signature="openUrl()[pri:0, instance:testcases.Verify_Cart@37afeb11]" started-at="2023-03-28T19:39:30 IST" name="openUrl" finished-at="2023-03-28T19:39:35 IST" duration-ms="5532" status="PASS">
          <reporter-output>
          </reporter-output>
        </test-method> <!-- openUrl -->
        <test-method signature="cart()[pri:0, instance:testcases.Verify_Cart@37afeb11]" started-at="2023-03-28T19:39:35 IST" name="cart" finished-at="2023-03-28T19:39:40 IST" duration-ms="4656" status="PASS">
          <reporter-output>
          </reporter-output>
        </test-method> <!-- cart -->
        <test-method is-config="true" signature="close()[pri:0, instance:testcases.Verify_Cart@37afeb11]" started-at="2023-03-28T19:39:40 IST" name="close" finished-at="2023-03-28T19:39:40 IST" duration-ms="272" status="PASS">
          <reporter-output>
          </reporter-output>
        </test-method> <!-- close -->
      </class> <!-- testcases.Verify_Cart -->
    </test> <!-- Test -->
  </suite> <!-- Suite -->
</testng-results>
